  Assembling holloos.asm...
holloos.asm(1): error A2034: must be in segment block
holloos.asm(2): error A2034: must be in segment block
holloos.asm(3): error A2034: must be in segment block
holloos.asm(4): error A2034: must be in segment block
holloos.asm(5): error A2034: must be in segment block
holloos.asm(6): error A2034: must be in segment block
holloos.asm(7): error A2034: must be in segment block
holloos.asm(8): error A2034: must be in segment block
holloos.asm(9): error A2008: syntax error : RESB
holloos.asm(10): error A2034: must be in segment block
holloos.asm(11): error A2034: must be in segment block
holloos.asm(12): error A2034: must be in segment block
holloos.asm(13): error A2034: must be in segment block
holloos.asm(14): error A2034: must be in segment block
holloos.asm(15): error A2034: must be in segment block
holloos.asm(16): error A2034: must be in segment block
holloos.asm(17): error A2008: syntax error : RESB
holloos.asm(18): error A2034: must be in segment block
holloos.asm(19): error A2034: must be in segment block
holloos.asm(20): error A2008: syntax error : RESB
holloos.asm(21): error A2034: must be in segment block
holloos.asm(22): error A2008: syntax error : RESB
holloos.asm(22): error A2088: END directive required at end of file
C:\Program Files (x86)\MSBuild\Microsoft.Cpp\v4.0\V140\BuildCustomizations\masm.targets(50,5): error MSB3721: "ml.exe /c /nologo /Sg /Zi /Fo"Debug\holloos.obj" /Fl"Project.lst" /I "c:\Irvine" /W3 /errorReport:prompt  /Taholloos.asm" 명령이 종료되었습니다(코드: 1).
