     1 00000000                                 ; hello-os
     2 00000000                                 ; TAB=4
     3 00000000                                 
     4                                          		ORG		0x7c00			; origin. Loading location in memory
     5 00007C00                                 
     6 00007C00                                 ; Standard FAT12 Format Floppy disk decsription
     7 00007C00                                 
     8 00007C00 EB 4B                           		JMP		entry
     9 00007C02 90                              		DB		0x90
    10 00007C03 48 45 4C 4C 4F 49 50 4C         		DB		"HELLOIPL"		; boot sector name(Write freely)
    11 00007C0B 0200                            		DW		512				; 1 sector size(should 512byte * n)
    12 00007C0D 01                              		DB		1				; cluster size(1 sector)
    13 00007C0E 0001                            		DW		1				; Reserved the num of sector
    14 00007C10 02                              		DB		2				; the num of FAT table
    15 00007C11 00E0                            		DW		224				; num of root directory entry(usually 224)
    16 00007C13 0B40                            		DW		2880			; the num of all sector(should 2880)
    17 00007C15 F0                              		DB		0xf0			; Media type
    18 00007C16 0009                            		DW		9				; One FAT table's sector number(should 9)
    19 00007C18 0012                            		DW		18				; how many sector in on track
    20 00007C1A 0002                            		DW		2				; head number
    21 00007C1C 00000000                        		DD		0				; we do not use partition -> 0
    22 00007C20 00000B40                        		DD		2880			; write this drive size
    23 00007C24 00 00 29                        		DB		0,0,0x29		; ??
    24 00007C27 FFFFFFFF                        		DD		0xffffffff		; volume serial number
    25 00007C2B 4A 68 77 61 6E 20 4F 53         		DB		"Jhwan OS"		; Disk name
    26 00007C33 46 41 54 31 32 20 20 20         		DB		"FAT12   "		; Format name(8 byte)
    27 00007C3B 00 00 00 00 00 00 00 00 00 00   		RESB	18				; anyway remain 18 byte
       00007C45 00 00 00 00 00 00 00 00 
    28 00007C4D                                 
    29 00007C4D                                 ; Main body
    30 00007C4D                                 
    31 00007C4D                                 entry:
    32 00007C4D B8 0000                         		MOV		AX, 0			; init register
    33 00007C50 8E D0                           		MOV		SS,AX
    34 00007C52 BC 7C00                         		MOV		SP,0x7c00
    35 00007C55 8E D8                           		MOV		DS,AX
    36 00007C57 8E C0                           		MOV		ES,AX
    37 00007C59                                 
    38 00007C59 BE 7C71                         		MOV		SI,msg
    39 00007C5C                                 putloop:
    40 00007C5C 8A 04                           		MOV		AL,[SI]
    41 00007C5E 83 C6 01                        		ADD		SI, 1			; SI++
    42 00007C61 3C 00                           		CMP		AL,0
    43 00007C63 74 09                           		JE		fin
    44 00007C65 B4 0E                           		MOV		AH, 0x0e		; one char (character code)
    45 00007C67 BB 000F                         		MOV		BX, 15			; color code
    46 00007C6A CD 10                           		INT		0x10			; video BIOS call
    47 00007C6C EB EE                           		JMP		putloop
    48 00007C6E                                 fin:
    49 00007C6E F4                              		HLT					; halt CPU
    50 00007C6F EB FD                           		JMP		fin			; Endless Loop
    51 00007C71                                 
    52 00007C71                                 msg:
    53 00007C71 0A 0A                           		DB		0x0a, 0x0a		; new line(twice)
    54 00007C73 68 65 6C 6C 6F 2C 20 77 6F 72   		DB		"hello, world"
       00007C7D 6C 64 
    55 00007C7F 0A                              		DB		0x0a
    56 00007C80 54 68 69 73 20 69 73 20 68 65   		DB		"This is helloos5(makefile)"
       00007C8A 6C 6C 6F 6F 73 35 28 6D 61 6B 
       00007C94 65 66 69 6C 65 29 
    57 00007C9A 0A                              		DB		0x0a			; new line
    58 00007C9B 00                              		DB		0
    59 00007C9C                                 
    60 00007C9C 00 00 00 00 00 00 00 00 00 00   		RESB	0x7dfe-$			; fill in with 0x00 until 0x7dfe
       00007CA6 00 00 00 00 00 00 00 00 00 00 
       00007CB0 00 00 00 00 00 00 00 00 00 00 
       00007CBA 00 00 00 00 00 00 00 00 00 00 
       00007CC4 00 00 00 00 00 00 00 00 00 00 
       00007CCE 00 00 00 00 00 00 00 00 00 00 
       00007CD8 00 00 00 00 00 00 00 00 00 00 
       00007CE2 00 00 00 00 00 00 00 00 00 00 
       00007CEC 00 00 00 00 00 00 00 00 00 00 
       00007CF6 00 00 00 00 00 00 00 00 00 00 
       00007D00 00 00 00 00 00 00 00 00 00 00 
       00007D0A 00 00 00 00 00 00 00 00 00 00 
       00007D14 00 00 00 00 00 00 00 00 00 00 
       00007D1E 00 00 00 00 00 00 00 00 00 00 
       00007D28 00 00 00 00 00 00 00 00 00 00 
       00007D32 00 00 00 00 00 00 00 00 00 00 
       00007D3C 00 00 00 00 00 00 00 00 00 00 
       00007D46 00 00 00 00 00 00 00 00 00 00 
       00007D50 00 00 00 00 00 00 00 00 00 00 
       00007D5A 00 00 00 00 00 00 00 00 00 00 
       00007D64 00 00 00 00 00 00 00 00 00 00 
       00007D6E 00 00 00 00 00 00 00 00 00 00 
       00007D78 00 00 00 00 00 00 00 00 00 00 
       00007D82 00 00 00 00 00 00 00 00 00 00 
       00007D8C 00 00 00 00 00 00 00 00 00 00 
       00007D96 00 00 00 00 00 00 00 00 00 00 
       00007DA0 00 00 00 00 00 00 00 00 00 00 
       00007DAA 00 00 00 00 00 00 00 00 00 00 
       00007DB4 00 00 00 00 00 00 00 00 00 00 
       00007DBE 00 00 00 00 00 00 00 00 00 00 
       00007DC8 00 00 00 00 00 00 00 00 00 00 
       00007DD2 00 00 00 00 00 00 00 00 00 00 
       00007DDC 00 00 00 00 00 00 00 00 00 00 
       00007DE6 00 00 00 00 00 00 00 00 00 00 
       00007DF0 00 00 00 00 00 00 00 00 00 00 
       00007DFA 00 00 00 00 
    61 00007DFE                                 
    62 00007DFE 55 AA                           		DB		0x55, 0xaa